

============================== 2024-03-16 18:40:31.265449 | 132b236b-e8be-4877-9d12-15e8f3744c2d ==============================
18:40:31.265449 [info ] [MainThread]: Running with dbt=1.1.5
18:40:31.266447 [debug] [MainThread]: running dbt with arguments {'write_json': True, 'use_colors': True, 'printer_width': 80, 'version_check': True, 'partial_parse': True, 'static_parser': True, 'profiles_dir': 'C:\\Users\\Aaron\\.dbt', 'send_anonymous_usage_stats': True, 'event_buffer_size': 100000, 'quiet': False, 'no_print': False, 'cache_selected_only': False, 'project_name': 'dbt_project', 'skip_profile_setup': False, 'which': 'init', 'indirect_selection': 'eager'}
18:40:31.266447 [debug] [MainThread]: Tracking: tracking
18:40:31.266447 [debug] [MainThread]: Sending event: {'category': 'dbt', 'action': 'invocation', 'label': 'start', 'context': [<snowplow_tracker.self_describing_json.SelfDescribingJson object at 0x0000028AD45867F0>, <snowplow_tracker.self_describing_json.SelfDescribingJson object at 0x0000028AD4586910>, <snowplow_tracker.self_describing_json.SelfDescribingJson object at 0x0000028AD4586880>]}
18:40:31.279817 [debug] [MainThread]: Starter project path: c:\users\aaron\documents\repos\financial-db\fin_db_env\lib\site-packages\dbt\include\starter_project
18:41:20.174004 [info ] [MainThread]: Profile dbt_project written to C:\Users\Aaron\.dbt\profiles.yml using target's sample configuration. Once updated, you'll be able to start developing with dbt.
18:41:20.174004 [info ] [MainThread]: 
Your new dbt project "dbt_project" was created!

For more information on how to configure the profiles.yml file,
please consult the dbt documentation here:

  https://docs.getdbt.com/docs/configure-your-profile

One more thing:

Need help? Don't hesitate to reach out to us via GitHub issues or on Slack:

  https://community.getdbt.com/

Happy modeling!

18:41:20.176994 [debug] [MainThread]: Sending event: {'category': 'dbt', 'action': 'invocation', 'label': 'end', 'context': [<snowplow_tracker.self_describing_json.SelfDescribingJson object at 0x0000028AD472A6D0>, <snowplow_tracker.self_describing_json.SelfDescribingJson object at 0x0000028AD472AC40>, <snowplow_tracker.self_describing_json.SelfDescribingJson object at 0x0000028AD472AC10>]}


============================== 2024-03-16 18:47:53.121347 | c2c41203-b252-44ea-9712-5d125fc64adb ==============================
18:47:53.121347 [info ] [MainThread]: Running with dbt=1.1.5
18:47:53.121347 [debug] [MainThread]: running dbt with arguments {'write_json': True, 'use_colors': True, 'printer_width': 80, 'version_check': True, 'partial_parse': True, 'static_parser': True, 'profiles_dir': 'C:\\Users\\Aaron\\.dbt', 'send_anonymous_usage_stats': True, 'event_buffer_size': 100000, 'quiet': False, 'no_print': False, 'cache_selected_only': False, 'config_dir': False, 'which': 'debug', 'indirect_selection': 'eager'}
18:47:53.122319 [debug] [MainThread]: Tracking: tracking
18:47:53.122319 [debug] [MainThread]: Sending event: {'category': 'dbt', 'action': 'invocation', 'label': 'start', 'context': [<snowplow_tracker.self_describing_json.SelfDescribingJson object at 0x0000022F105AE670>, <snowplow_tracker.self_describing_json.SelfDescribingJson object at 0x0000022F105C50D0>, <snowplow_tracker.self_describing_json.SelfDescribingJson object at 0x0000022F105C50A0>]}
18:47:53.187031 [debug] [MainThread]: Executing "git --help"
18:47:53.250246 [debug] [MainThread]: STDOUT: "b"usage: git [-v | --version] [-h | --help] [-C <path>] [-c <name>=<value>]\n           [--exec-path[=<path>]] [--html-path] [--man-path] [--info-path]\n           [-p | --paginate | -P | --no-pager] [--no-replace-objects] [--bare]\n           [--git-dir=<path>] [--work-tree=<path>] [--namespace=<name>]\n           [--config-env=<name>=<envvar>] <command> [<args>]\n\nThese are common Git commands used in various situations:\n\nstart a working area (see also: git help tutorial)\n   clone     Clone a repository into a new directory\n   init      Create an empty Git repository or reinitialize an existing one\n\nwork on the current change (see also: git help everyday)\n   add       Add file contents to the index\n   mv        Move or rename a file, a directory, or a symlink\n   restore   Restore working tree files\n   rm        Remove files from the working tree and from the index\n\nexamine the history and state (see also: git help revisions)\n   bisect    Use binary search to find the commit that introduced a bug\n   diff      Show changes between commits, commit and working tree, etc\n   grep      Print lines matching a pattern\n   log       Show commit logs\n   show      Show various types of objects\n   status    Show the working tree status\n\ngrow, mark and tweak your common history\n   branch    List, create, or delete branches\n   commit    Record changes to the repository\n   merge     Join two or more development histories together\n   rebase    Reapply commits on top of another base tip\n   reset     Reset current HEAD to the specified state\n   switch    Switch branches\n   tag       Create, list, delete or verify a tag object signed with GPG\n\ncollaborate (see also: git help workflows)\n   fetch     Download objects and refs from another repository\n   pull      Fetch from and integrate with another repository or a local branch\n   push      Update remote refs along with associated objects\n\n'git help -a' and 'git help -g' list available subcommands and some\nconcept guides. See 'git help <command>' or 'git help <concept>'\nto read about a specific subcommand or concept.\nSee 'git help git' for an overview of the system.\n""
18:47:53.250246 [debug] [MainThread]: STDERR: "b''"
18:47:53.253212 [debug] [MainThread]: Acquiring new mysql connection "debug"
18:47:53.254211 [debug] [MainThread]: Using mysql connection "debug"
18:47:53.254211 [debug] [MainThread]: On debug: select 1 as id
18:47:53.254211 [debug] [MainThread]: Opening a new connection, currently in state init
18:47:53.513072 [debug] [MainThread]: SQL status: SUCCESS 1 in 0.26 seconds
18:47:53.516126 [debug] [MainThread]: On debug: Close
18:47:53.520064 [debug] [MainThread]: Sending event: {'category': 'dbt', 'action': 'invocation', 'label': 'end', 'context': [<snowplow_tracker.self_describing_json.SelfDescribingJson object at 0x0000022F107B2A00>, <snowplow_tracker.self_describing_json.SelfDescribingJson object at 0x0000022F107B6A60>, <snowplow_tracker.self_describing_json.SelfDescribingJson object at 0x0000022F107B6220>]}
18:47:53.722432 [debug] [MainThread]: Connection 'debug' was properly closed.
